<?xml version="1.0" encoding="UTF-8"?>
<testng-results ignored="2" total="3" passed="1" failed="0" skipped="0">
  <reporter-output>
  </reporter-output>
  <suite started-at="2022-09-25T21:23:29 EDT" name="Smoke" finished-at="2022-09-25T21:24:06 EDT" duration-ms="37961">
    <groups>
      <group name="Smoke">
        <method signature="FewKeyWordsPriorityEnabled.negativeLoginFunctionalityTestByClickingAccountListLink()[pri:2, instance:testNGbasics.FewKeyWordsPriorityEnabled@4da4253]" name="negativeLoginFunctionalityTestByClickingAccountListLink" class="testNGbasics.FewKeyWordsPriorityEnabled"/>
      </group> <!-- Smoke -->
    </groups>
    <test started-at="2022-09-25T21:23:29 EDT" name="Smoke Test" finished-at="2022-09-25T21:24:06 EDT" duration-ms="37961">
      <class name="testNGbasics.FewKeyWordsPriorityEnabled">
        <test-method is-config="true" signature="initilization()[pri:0, instance:testNGbasics.FewKeyWordsPriorityEnabled@4da4253]" started-at="2022-09-25T21:23:29 EDT" name="initilization" finished-at="2022-09-25T21:23:50 EDT" duration-ms="21886" status="PASS">
          <reporter-output>
          </reporter-output>
        </test-method> <!-- initilization -->
        <test-method signature="negativeLoginFunctionalityTestByClickingAccountListLink()[pri:2, instance:testNGbasics.FewKeyWordsPriorityEnabled@4da4253]" started-at="2022-09-25T21:23:50 EDT" name="negativeLoginFunctionalityTestByClickingAccountListLink" finished-at="2022-09-25T21:24:06 EDT" duration-ms="15966" status="PASS">
          <reporter-output>
          </reporter-output>
        </test-method> <!-- negativeLoginFunctionalityTestByClickingAccountListLink -->
      </class> <!-- testNGbasics.FewKeyWordsPriorityEnabled -->
    </test> <!-- Smoke Test -->
  </suite> <!-- Smoke -->
</testng-results>
