<?xml version="1.0" encoding="UTF-8"?>
<!-- Generated by org.testng.reporters.JUnitXMLReporter -->
<testsuite ignored="2" hostname="User" failures="0" tests="1" name="Smoke Test" time="37.961" errors="0" timestamp="2022-09-25T21:24:07 EDT">
  <testcase classname="testNGbasics.FewKeyWordsPriorityEnabled" name="negativeLoginFunctionalityTestByClickingAccountListLink" time="15.966"/>
  <testcase classname="testNGbasics.FewKeyWordsPriorityEnabled" name="negativeLoginFunctionalityTestByClickingSignInbutton" time="0.0">
    <ignored/>
  </testcase> <!-- negativeLoginFunctionalityTestByClickingSignInbutton -->
  <testcase classname="testNGbasics.FewKeyWordsPriorityEnabled" name="negativeLoginFunctionalityTestByClickingYourAccount" time="0.0">
    <ignored/>
  </testcase> <!-- negativeLoginFunctionalityTestByClickingYourAccount -->
</testsuite> <!-- Smoke Test -->
